<?xml version="1.0" encoding="UTF-8"?>
<testsuite name="com.sg.TestSpecification" tests="18" skipped="0" failures="0" errors="0" timestamp="2018-11-06T06:51:48" hostname="AMDC1733" time="0.149">
  <properties/>
  <testcase name="Parity test 4" classname="com.sg.TestSpecification" time="0.089"/>
  <testcase name="Parity test 1" classname="com.sg.TestSpecification" time="0.002"/>
  <testcase name="Parity test 2" classname="com.sg.TestSpecification" time="0.002"/>
  <testcase name="Parity test 3" classname="com.sg.TestSpecification" time="0.002"/>
  <testcase name="Parity test 6" classname="com.sg.TestSpecification" time="0.002"/>
  <testcase name="Parity test 8" classname="com.sg.TestSpecification" time="0.002"/>
  <testcase name="Parity test 1000" classname="com.sg.TestSpecification" time="0.002"/>
  <testcase name="Parity test 999" classname="com.sg.TestSpecification" time="0.003"/>
  <testcase name="Parity test 32543" classname="com.sg.TestSpecification" time="0.002"/>
  <testcase name="Parity test -50" classname="com.sg.TestSpecification" time="0.002"/>
  <testcase name="Parity test -1" classname="com.sg.TestSpecification" time="0.002"/>
  <testcase name="Parity test -5646" classname="com.sg.TestSpecification" time="0.002"/>
  <testcase name="Multiplication test 0 x 1" classname="com.sg.TestSpecification" time="0.002"/>
  <testcase name="Multiplication test 1 x 2" classname="com.sg.TestSpecification" time="0.002"/>
  <testcase name="Multiplication test -3 x -5" classname="com.sg.TestSpecification" time="0.001"/>
  <testcase name="Multiplication test -2 x 1" classname="com.sg.TestSpecification" time="0.003"/>
  <testcase name="Multiplication test 100 x 10" classname="com.sg.TestSpecification" time="0.002"/>
  <testcase name="Multiplication test -100 x -10" classname="com.sg.TestSpecification" time="0.002"/>
  <system-out><![CDATA[07:51:48.409 [Test worker] DEBUG org.springframework.test.annotation.ProfileValueUtils - Retrieved @ProfileValueSourceConfiguration [null] for test class [com.sg.TestSpecification]
07:51:48.413 [Test worker] DEBUG org.springframework.test.annotation.ProfileValueUtils - Retrieved ProfileValueSource type [class org.springframework.test.annotation.SystemProfileValueSource] for class [com.sg.TestSpecification]
07:51:48.414 [Test worker] DEBUG org.springframework.test.annotation.ProfileValueUtils - Retrieved @ProfileValueSourceConfiguration [null] for test class [com.sg.TestSpecification]
07:51:48.414 [Test worker] DEBUG org.springframework.test.annotation.ProfileValueUtils - Retrieved ProfileValueSource type [class org.springframework.test.annotation.SystemProfileValueSource] for class [com.sg.TestSpecification]
07:51:48.423 [Test worker] DEBUG org.springframework.test.annotation.ProfileValueUtils - Retrieved @ProfileValueSourceConfiguration [null] for test class [com.sg.TestSpecification]
07:51:48.424 [Test worker] DEBUG org.springframework.test.annotation.ProfileValueUtils - Retrieved ProfileValueSource type [class org.springframework.test.annotation.SystemProfileValueSource] for class [com.sg.TestSpecification]
07:51:48.428 [Test worker] DEBUG org.springframework.test.context.BootstrapUtils - Instantiating CacheAwareContextLoaderDelegate from class [org.springframework.test.context.cache.DefaultCacheAwareContextLoaderDelegate]
07:51:48.433 [Test worker] DEBUG org.springframework.test.context.BootstrapUtils - Instantiating BootstrapContext using constructor [public org.springframework.test.context.support.DefaultBootstrapContext(java.lang.Class,org.springframework.test.context.CacheAwareContextLoaderDelegate)]
07:51:48.434 [Test worker] DEBUG org.springframework.test.context.BootstrapUtils - Instantiating TestContextBootstrapper for test class [com.sg.TestSpecification] from class [org.springframework.test.context.support.DefaultTestContextBootstrapper]
07:51:48.454 [Test worker] DEBUG org.springframework.test.context.support.AbstractDelegatingSmartContextLoader - Delegating to AnnotationConfigContextLoader to process context configuration [ContextConfigurationAttributes@37010886 declaringClass = 'com.sg.TestSpecification', classes = '{class com.sg.core.Sandbox}', locations = '{}', inheritLocations = true, initializers = '{}', inheritInitializers = true, name = [null], contextLoaderClass = 'org.springframework.test.context.ContextLoader'].
07:51:48.478 [Test worker] DEBUG org.springframework.test.context.support.ActiveProfilesUtils - Could not find an 'annotation declaring class' for annotation type [org.springframework.test.context.ActiveProfiles] and class [com.sg.TestSpecification]
07:51:48.479 [Test worker] DEBUG org.springframework.test.context.support.DefaultTestContextBootstrapper - @TestExecutionListeners is not present for class [com.sg.TestSpecification]: using defaults.
07:51:48.479 [Test worker] INFO org.springframework.test.context.support.DefaultTestContextBootstrapper - Loaded default TestExecutionListener class names from location [META-INF/spring.factories]: [org.spockframework.spring.SpringMockTestExecutionListener, org.springframework.test.context.web.ServletTestExecutionListener, org.springframework.test.context.support.DirtiesContextBeforeModesTestExecutionListener, org.springframework.test.context.support.DependencyInjectionTestExecutionListener, org.springframework.test.context.support.DirtiesContextTestExecutionListener, org.springframework.test.context.transaction.TransactionalTestExecutionListener, org.springframework.test.context.jdbc.SqlScriptsTestExecutionListener]
07:51:48.487 [Test worker] DEBUG org.springframework.test.context.support.DefaultTestContextBootstrapper - Skipping candidate TestExecutionListener [org.springframework.test.context.transaction.TransactionalTestExecutionListener] due to a missing dependency. Specify custom listener classes or make the default listener classes and their required dependencies available. Offending class: [org/springframework/transaction/TransactionDefinition]
07:51:48.488 [Test worker] DEBUG org.springframework.test.context.support.DefaultTestContextBootstrapper - Skipping candidate TestExecutionListener [org.springframework.test.context.jdbc.SqlScriptsTestExecutionListener] due to a missing dependency. Specify custom listener classes or make the default listener classes and their required dependencies available. Offending class: [org/springframework/transaction/interceptor/TransactionAttribute]
07:51:48.488 [Test worker] INFO org.springframework.test.context.support.DefaultTestContextBootstrapper - Using TestExecutionListeners: [org.springframework.test.context.web.ServletTestExecutionListener@305ed9db, org.springframework.test.context.support.DirtiesContextBeforeModesTestExecutionListener@13af9ad9, org.springframework.test.context.support.DependencyInjectionTestExecutionListener@66d9733b, org.springframework.test.context.support.DirtiesContextTestExecutionListener@32764622, org.spockframework.spring.SpringMockTestExecutionListener@7420c1b6]
07:51:48.704 [Test worker] DEBUG org.springframework.test.context.support.AbstractDirtiesContextTestExecutionListener - Before test class: context [DefaultTestContext@4dc95c5b testClass = TestSpecification, testInstance = [null], testMethod = [null], testException = [null], mergedContextConfiguration = [MergedContextConfiguration@14aaafea testClass = TestSpecification, locations = '{}', classes = '{class com.sg.core.Sandbox}', contextInitializerClasses = '[]', activeProfiles = '{}', propertySourceLocations = '{}', propertySourceProperties = '{}', contextCustomizers = set[org.spockframework.spring.mock.SpockContextCustomizer@0], contextLoader = 'org.springframework.test.context.support.DelegatingSmartContextLoader', parent = [null]], attributes = map[[empty]]], class annotated with @DirtiesContext [false] with mode [null].
07:51:48.730 [Test worker] DEBUG org.springframework.test.context.support.DependencyInjectionTestExecutionListener - Performing dependency injection for test context [[DefaultTestContext@4dc95c5b testClass = TestSpecification, testInstance = com.sg.TestSpecification@3f111d41, testMethod = [null], testException = [null], mergedContextConfiguration = [MergedContextConfiguration@14aaafea testClass = TestSpecification, locations = '{}', classes = '{class com.sg.core.Sandbox}', contextInitializerClasses = '[]', activeProfiles = '{}', propertySourceLocations = '{}', propertySourceProperties = '{}', contextCustomizers = set[org.spockframework.spring.mock.SpockContextCustomizer@0], contextLoader = 'org.springframework.test.context.support.DelegatingSmartContextLoader', parent = [null]], attributes = map[[empty]]]].
07:51:48.731 [Test worker] DEBUG org.springframework.test.context.support.AbstractDelegatingSmartContextLoader - Delegating to AnnotationConfigContextLoader to load context from [MergedContextConfiguration@14aaafea testClass = TestSpecification, locations = '{}', classes = '{class com.sg.core.Sandbox}', contextInitializerClasses = '[]', activeProfiles = '{}', propertySourceLocations = '{}', propertySourceProperties = '{}', contextCustomizers = set[org.spockframework.spring.mock.SpockContextCustomizer@0], contextLoader = 'org.springframework.test.context.support.DelegatingSmartContextLoader', parent = [null]].
07:51:48.731 [Test worker] DEBUG org.springframework.test.context.support.AbstractGenericContextLoader - Loading ApplicationContext for merged context configuration [[MergedContextConfiguration@14aaafea testClass = TestSpecification, locations = '{}', classes = '{class com.sg.core.Sandbox}', contextInitializerClasses = '[]', activeProfiles = '{}', propertySourceLocations = '{}', propertySourceProperties = '{}', contextCustomizers = set[org.spockframework.spring.mock.SpockContextCustomizer@0], contextLoader = 'org.springframework.test.context.support.DelegatingSmartContextLoader', parent = [null]]].
07:51:48.767 [Test worker] DEBUG org.springframework.core.env.StandardEnvironment - Activating profiles []
07:51:48.767 [Test worker] DEBUG org.springframework.test.context.support.AnnotationConfigContextLoader - Registering annotated classes: {class com.sg.core.Sandbox}
07:51:48.795 [Test worker] DEBUG org.springframework.context.support.GenericApplicationContext - Refreshing org.springframework.context.support.GenericApplicationContext@54324d3f
07:51:48.811 [Test worker] DEBUG org.springframework.beans.factory.support.DefaultListableBeanFactory - Creating shared instance of singleton bean 'org.springframework.context.annotation.internalConfigurationAnnotationProcessor'
07:51:48.859 [Test worker] DEBUG org.springframework.beans.factory.support.DefaultListableBeanFactory - Creating shared instance of singleton bean 'org.spockframework.spring.mock.SpockMockPostprocessor'
07:51:48.899 [Test worker] DEBUG org.springframework.beans.factory.support.DefaultListableBeanFactory - Creating shared instance of singleton bean 'org.springframework.context.event.internalEventListenerProcessor'
07:51:48.901 [Test worker] DEBUG org.springframework.beans.factory.support.DefaultListableBeanFactory - Creating shared instance of singleton bean 'org.springframework.context.event.internalEventListenerFactory'
07:51:48.904 [Test worker] DEBUG org.springframework.beans.factory.support.DefaultListableBeanFactory - Creating shared instance of singleton bean 'org.springframework.context.annotation.internalAutowiredAnnotationProcessor'
07:51:48.905 [Test worker] DEBUG org.springframework.beans.factory.support.DefaultListableBeanFactory - Creating shared instance of singleton bean 'org.springframework.context.annotation.internalCommonAnnotationProcessor'
07:51:48.909 [Test worker] DEBUG org.springframework.beans.factory.support.DefaultListableBeanFactory - Creating shared instance of singleton bean 'org.spockframework.spring.mock.SpockMockPostprocessor$SpyPostProcessor'
07:51:48.923 [Test worker] DEBUG org.springframework.beans.factory.support.DefaultListableBeanFactory - Creating shared instance of singleton bean 'sandbox'
07:51:48.953 [Test worker] DEBUG org.springframework.test.context.cache.DefaultCacheAwareContextLoaderDelegate - Storing ApplicationContext in cache under key [[MergedContextConfiguration@14aaafea testClass = TestSpecification, locations = '{}', classes = '{class com.sg.core.Sandbox}', contextInitializerClasses = '[]', activeProfiles = '{}', propertySourceLocations = '{}', propertySourceProperties = '{}', contextCustomizers = set[org.spockframework.spring.mock.SpockContextCustomizer@0], contextLoader = 'org.springframework.test.context.support.DelegatingSmartContextLoader', parent = [null]]]
07:51:48.954 [Test worker] DEBUG org.springframework.test.context.cache - Spring test ApplicationContext cache statistics: [DefaultContextCache@3327335e size = 1, maxSize = 32, parentContextCount = 0, hitCount = 0, missCount = 1]
07:51:48.966 [Test worker] DEBUG org.springframework.test.context.cache.DefaultCacheAwareContextLoaderDelegate - Retrieved ApplicationContext from cache with key [[MergedContextConfiguration@14aaafea testClass = TestSpecification, locations = '{}', classes = '{class com.sg.core.Sandbox}', contextInitializerClasses = '[]', activeProfiles = '{}', propertySourceLocations = '{}', propertySourceProperties = '{}', contextCustomizers = set[org.spockframework.spring.mock.SpockContextCustomizer@0], contextLoader = 'org.springframework.test.context.support.DelegatingSmartContextLoader', parent = [null]]]
07:51:48.966 [Test worker] DEBUG org.springframework.test.context.cache - Spring test ApplicationContext cache statistics: [DefaultContextCache@3327335e size = 1, maxSize = 32, parentContextCount = 0, hitCount = 1, missCount = 1]
07:51:48.971 [Test worker] DEBUG org.springframework.test.context.support.AbstractDirtiesContextTestExecutionListener - Before test method: context [DefaultTestContext@4dc95c5b testClass = TestSpecification, testInstance = com.sg.TestSpecification@3f111d41, testMethod = $spock_feature_0_0@TestSpecification, testException = [null], mergedContextConfiguration = [MergedContextConfiguration@14aaafea testClass = TestSpecification, locations = '{}', classes = '{class com.sg.core.Sandbox}', contextInitializerClasses = '[]', activeProfiles = '{}', propertySourceLocations = '{}', propertySourceProperties = '{}', contextCustomizers = set[org.spockframework.spring.mock.SpockContextCustomizer@0], contextLoader = 'org.springframework.test.context.support.DelegatingSmartContextLoader', parent = [null]], attributes = map[[empty]]], class annotated with @DirtiesContext [false] with mode [null], method annotated with @DirtiesContext [false] with mode [null].
07:51:48.972 [Test worker] DEBUG org.springframework.test.context.cache.DefaultCacheAwareContextLoaderDelegate - Retrieved ApplicationContext from cache with key [[MergedContextConfiguration@14aaafea testClass = TestSpecification, locations = '{}', classes = '{class com.sg.core.Sandbox}', contextInitializerClasses = '[]', activeProfiles = '{}', propertySourceLocations = '{}', propertySourceProperties = '{}', contextCustomizers = set[org.spockframework.spring.mock.SpockContextCustomizer@0], contextLoader = 'org.springframework.test.context.support.DelegatingSmartContextLoader', parent = [null]]]
07:51:48.972 [Test worker] DEBUG org.springframework.test.context.cache - Spring test ApplicationContext cache statistics: [DefaultContextCache@3327335e size = 1, maxSize = 32, parentContextCount = 0, hitCount = 2, missCount = 1]
07:51:49.057 [Test worker] DEBUG org.springframework.test.context.support.AbstractDirtiesContextTestExecutionListener - After test method: context [DefaultTestContext@4dc95c5b testClass = TestSpecification, testInstance = com.sg.TestSpecification@3f111d41, testMethod = $spock_feature_0_0@TestSpecification, testException = [null], mergedContextConfiguration = [MergedContextConfiguration@14aaafea testClass = TestSpecification, locations = '{}', classes = '{class com.sg.core.Sandbox}', contextInitializerClasses = '[]', activeProfiles = '{}', propertySourceLocations = '{}', propertySourceProperties = '{}', contextCustomizers = set[org.spockframework.spring.mock.SpockContextCustomizer@0], contextLoader = 'org.springframework.test.context.support.DelegatingSmartContextLoader', parent = [null]], attributes = map['org.spockframework.spring.SpringMockTestExecutionListener.MOCKED_BEANS_LIST' -> list[[empty]]]], class annotated with @DirtiesContext [false] with mode [null], method annotated with @DirtiesContext [false] with mode [null].
07:51:49.058 [Test worker] DEBUG org.springframework.test.context.support.DependencyInjectionTestExecutionListener - Performing dependency injection for test context [[DefaultTestContext@4dc95c5b testClass = TestSpecification, testInstance = com.sg.TestSpecification@43771871, testMethod = [null], testException = [null], mergedContextConfiguration = [MergedContextConfiguration@14aaafea testClass = TestSpecification, locations = '{}', classes = '{class com.sg.core.Sandbox}', contextInitializerClasses = '[]', activeProfiles = '{}', propertySourceLocations = '{}', propertySourceProperties = '{}', contextCustomizers = set[org.spockframework.spring.mock.SpockContextCustomizer@0], contextLoader = 'org.springframework.test.context.support.DelegatingSmartContextLoader', parent = [null]], attributes = map['org.spockframework.spring.SpringMockTestExecutionListener.MOCKED_BEANS_LIST' -> list[[empty]]]]].
07:51:49.058 [Test worker] DEBUG org.springframework.test.context.cache.DefaultCacheAwareContextLoaderDelegate - Retrieved ApplicationContext from cache with key [[MergedContextConfiguration@14aaafea testClass = TestSpecification, locations = '{}', classes = '{class com.sg.core.Sandbox}', contextInitializerClasses = '[]', activeProfiles = '{}', propertySourceLocations = '{}', propertySourceProperties = '{}', contextCustomizers = set[org.spockframework.spring.mock.SpockContextCustomizer@0], contextLoader = 'org.springframework.test.context.support.DelegatingSmartContextLoader', parent = [null]]]
07:51:49.058 [Test worker] DEBUG org.springframework.test.context.cache - Spring test ApplicationContext cache statistics: [DefaultContextCache@3327335e size = 1, maxSize = 32, parentContextCount = 0, hitCount = 3, missCount = 1]
07:51:49.059 [Test worker] DEBUG org.springframework.test.context.cache.DefaultCacheAwareContextLoaderDelegate - Retrieved ApplicationContext from cache with key [[MergedContextConfiguration@14aaafea testClass = TestSpecification, locations = '{}', classes = '{class com.sg.core.Sandbox}', contextInitializerClasses = '[]', activeProfiles = '{}', propertySourceLocations = '{}', propertySourceProperties = '{}', contextCustomizers = set[org.spockframework.spring.mock.SpockContextCustomizer@0], contextLoader = 'org.springframework.test.context.support.DelegatingSmartContextLoader', parent = [null]]]
07:51:49.059 [Test worker] DEBUG org.springframework.test.context.cache - Spring test ApplicationContext cache statistics: [DefaultContextCache@3327335e size = 1, maxSize = 32, parentContextCount = 0, hitCount = 4, missCount = 1]
07:51:49.059 [Test worker] DEBUG org.springframework.test.context.support.AbstractDirtiesContextTestExecutionListener - Before test method: context [DefaultTestContext@4dc95c5b testClass = TestSpecification, testInstance = com.sg.TestSpecification@43771871, testMethod = $spock_feature_0_0@TestSpecification, testException = [null], mergedContextConfiguration = [MergedContextConfiguration@14aaafea testClass = TestSpecification, locations = '{}', classes = '{class com.sg.core.Sandbox}', contextInitializerClasses = '[]', activeProfiles = '{}', propertySourceLocations = '{}', propertySourceProperties = '{}', contextCustomizers = set[org.spockframework.spring.mock.SpockContextCustomizer@0], contextLoader = 'org.springframework.test.context.support.DelegatingSmartContextLoader', parent = [null]], attributes = map['org.spockframework.spring.SpringMockTestExecutionListener.MOCKED_BEANS_LIST' -> list[[empty]]]], class annotated with @DirtiesContext [false] with mode [null], method annotated with @DirtiesContext [false] with mode [null].
07:51:49.060 [Test worker] DEBUG org.springframework.test.context.cache.DefaultCacheAwareContextLoaderDelegate - Retrieved ApplicationContext from cache with key [[MergedContextConfiguration@14aaafea testClass = TestSpecification, locations = '{}', classes = '{class com.sg.core.Sandbox}', contextInitializerClasses = '[]', activeProfiles = '{}', propertySourceLocations = '{}', propertySourceProperties = '{}', contextCustomizers = set[org.spockframework.spring.mock.SpockContextCustomizer@0], contextLoader = 'org.springframework.test.context.support.DelegatingSmartContextLoader', parent = [null]]]
07:51:49.060 [Test worker] DEBUG org.springframework.test.context.cache - Spring test ApplicationContext cache statistics: [DefaultContextCache@3327335e size = 1, maxSize = 32, parentContextCount = 0, hitCount = 5, missCount = 1]
07:51:49.061 [Test worker] DEBUG org.springframework.test.context.support.AbstractDirtiesContextTestExecutionListener - After test method: context [DefaultTestContext@4dc95c5b testClass = TestSpecification, testInstance = com.sg.TestSpecification@43771871, testMethod = $spock_feature_0_0@TestSpecification, testException = [null], mergedContextConfiguration = [MergedContextConfiguration@14aaafea testClass = TestSpecification, locations = '{}', classes = '{class com.sg.core.Sandbox}', contextInitializerClasses = '[]', activeProfiles = '{}', propertySourceLocations = '{}', propertySourceProperties = '{}', contextCustomizers = set[org.spockframework.spring.mock.SpockContextCustomizer@0], contextLoader = 'org.springframework.test.context.support.DelegatingSmartContextLoader', parent = [null]], attributes = map['org.spockframework.spring.SpringMockTestExecutionListener.MOCKED_BEANS_LIST' -> list[[empty]]]], class annotated with @DirtiesContext [false] with mode [null], method annotated with @DirtiesContext [false] with mode [null].
07:51:49.061 [Test worker] DEBUG org.springframework.test.context.support.DependencyInjectionTestExecutionListener - Performing dependency injection for test context [[DefaultTestContext@4dc95c5b testClass = TestSpecification, testInstance = com.sg.TestSpecification@36da39f1, testMethod = [null], testException = [null], mergedContextConfiguration = [MergedContextConfiguration@14aaafea testClass = TestSpecification, locations = '{}', classes = '{class com.sg.core.Sandbox}', contextInitializerClasses = '[]', activeProfiles = '{}', propertySourceLocations = '{}', propertySourceProperties = '{}', contextCustomizers = set[org.spockframework.spring.mock.SpockContextCustomizer@0], contextLoader = 'org.springframework.test.context.support.DelegatingSmartContextLoader', parent = [null]], attributes = map['org.spockframework.spring.SpringMockTestExecutionListener.MOCKED_BEANS_LIST' -> list[[empty]]]]].
07:51:49.061 [Test worker] DEBUG org.springframework.test.context.cache.DefaultCacheAwareContextLoaderDelegate - Retrieved ApplicationContext from cache with key [[MergedContextConfiguration@14aaafea testClass = TestSpecification, locations = '{}', classes = '{class com.sg.core.Sandbox}', contextInitializerClasses = '[]', activeProfiles = '{}', propertySourceLocations = '{}', propertySourceProperties = '{}', contextCustomizers = set[org.spockframework.spring.mock.SpockContextCustomizer@0], contextLoader = 'org.springframework.test.context.support.DelegatingSmartContextLoader', parent = [null]]]
07:51:49.061 [Test worker] DEBUG org.springframework.test.context.cache - Spring test ApplicationContext cache statistics: [DefaultContextCache@3327335e size = 1, maxSize = 32, parentContextCount = 0, hitCount = 6, missCount = 1]
07:51:49.062 [Test worker] DEBUG org.springframework.test.context.cache.DefaultCacheAwareContextLoaderDelegate - Retrieved ApplicationContext from cache with key [[MergedContextConfiguration@14aaafea testClass = TestSpecification, locations = '{}', classes = '{class com.sg.core.Sandbox}', contextInitializerClasses = '[]', activeProfiles = '{}', propertySourceLocations = '{}', propertySourceProperties = '{}', contextCustomizers = set[org.spockframework.spring.mock.SpockContextCustomizer@0], contextLoader = 'org.springframework.test.context.support.DelegatingSmartContextLoader', parent = [null]]]
07:51:49.062 [Test worker] DEBUG org.springframework.test.context.cache - Spring test ApplicationContext cache statistics: [DefaultContextCache@3327335e size = 1, maxSize = 32, parentContextCount = 0, hitCount = 7, missCount = 1]
07:51:49.063 [Test worker] DEBUG org.springframework.test.context.support.AbstractDirtiesContextTestExecutionListener - Before test method: context [DefaultTestContext@4dc95c5b testClass = TestSpecification, testInstance = com.sg.TestSpecification@36da39f1, testMethod = $spock_feature_0_0@TestSpecification, testException = [null], mergedContextConfiguration = [MergedContextConfiguration@14aaafea testClass = TestSpecification, locations = '{}', classes = '{class com.sg.core.Sandbox}', contextInitializerClasses = '[]', activeProfiles = '{}', propertySourceLocations = '{}', propertySourceProperties = '{}', contextCustomizers = set[org.spockframework.spring.mock.SpockContextCustomizer@0], contextLoader = 'org.springframework.test.context.support.DelegatingSmartContextLoader', parent = [null]], attributes = map['org.spockframework.spring.SpringMockTestExecutionListener.MOCKED_BEANS_LIST' -> list[[empty]]]], class annotated with @DirtiesContext [false] with mode [null], method annotated with @DirtiesContext [false] with mode [null].
07:51:49.063 [Test worker] DEBUG org.springframework.test.context.cache.DefaultCacheAwareContextLoaderDelegate - Retrieved ApplicationContext from cache with key [[MergedContextConfiguration@14aaafea testClass = TestSpecification, locations = '{}', classes = '{class com.sg.core.Sandbox}', contextInitializerClasses = '[]', activeProfiles = '{}', propertySourceLocations = '{}', propertySourceProperties = '{}', contextCustomizers = set[org.spockframework.spring.mock.SpockContextCustomizer@0], contextLoader = 'org.springframework.test.context.support.DelegatingSmartContextLoader', parent = [null]]]
07:51:49.064 [Test worker] DEBUG org.springframework.test.context.cache - Spring test ApplicationContext cache statistics: [DefaultContextCache@3327335e size = 1, maxSize = 32, parentContextCount = 0, hitCount = 8, missCount = 1]
07:51:49.064 [Test worker] DEBUG org.springframework.test.context.support.AbstractDirtiesContextTestExecutionListener - After test method: context [DefaultTestContext@4dc95c5b testClass = TestSpecification, testInstance = com.sg.TestSpecification@36da39f1, testMethod = $spock_feature_0_0@TestSpecification, testException = [null], mergedContextConfiguration = [MergedContextConfiguration@14aaafea testClass = TestSpecification, locations = '{}', classes = '{class com.sg.core.Sandbox}', contextInitializerClasses = '[]', activeProfiles = '{}', propertySourceLocations = '{}', propertySourceProperties = '{}', contextCustomizers = set[org.spockframework.spring.mock.SpockContextCustomizer@0], contextLoader = 'org.springframework.test.context.support.DelegatingSmartContextLoader', parent = [null]], attributes = map['org.spockframework.spring.SpringMockTestExecutionListener.MOCKED_BEANS_LIST' -> list[[empty]]]], class annotated with @DirtiesContext [false] with mode [null], method annotated with @DirtiesContext [false] with mode [null].
07:51:49.065 [Test worker] DEBUG org.springframework.test.context.support.DependencyInjectionTestExecutionListener - Performing dependency injection for test context [[DefaultTestContext@4dc95c5b testClass = TestSpecification, testInstance = com.sg.TestSpecification@341e850, testMethod = [null], testException = [null], mergedContextConfiguration = [MergedContextConfiguration@14aaafea testClass = TestSpecification, locations = '{}', classes = '{class com.sg.core.Sandbox}', contextInitializerClasses = '[]', activeProfiles = '{}', propertySourceLocations = '{}', propertySourceProperties = '{}', contextCustomizers = set[org.spockframework.spring.mock.SpockContextCustomizer@0], contextLoader = 'org.springframework.test.context.support.DelegatingSmartContextLoader', parent = [null]], attributes = map['org.spockframework.spring.SpringMockTestExecutionListener.MOCKED_BEANS_LIST' -> list[[empty]]]]].
07:51:49.065 [Test worker] DEBUG org.springframework.test.context.cache.DefaultCacheAwareContextLoaderDelegate - Retrieved ApplicationContext from cache with key [[MergedContextConfiguration@14aaafea testClass = TestSpecification, locations = '{}', classes = '{class com.sg.core.Sandbox}', contextInitializerClasses = '[]', activeProfiles = '{}', propertySourceLocations = '{}', propertySourceProperties = '{}', contextCustomizers = set[org.spockframework.spring.mock.SpockContextCustomizer@0], contextLoader = 'org.springframework.test.context.support.DelegatingSmartContextLoader', parent = [null]]]
07:51:49.065 [Test worker] DEBUG org.springframework.test.context.cache - Spring test ApplicationContext cache statistics: [DefaultContextCache@3327335e size = 1, maxSize = 32, parentContextCount = 0, hitCount = 9, missCount = 1]
07:51:49.066 [Test worker] DEBUG org.springframework.test.context.cache.DefaultCacheAwareContextLoaderDelegate - Retrieved ApplicationContext from cache with key [[MergedContextConfiguration@14aaafea testClass = TestSpecification, locations = '{}', classes = '{class com.sg.core.Sandbox}', contextInitializerClasses = '[]', activeProfiles = '{}', propertySourceLocations = '{}', propertySourceProperties = '{}', contextCustomizers = set[org.spockframework.spring.mock.SpockContextCustomizer@0], contextLoader = 'org.springframework.test.context.support.DelegatingSmartContextLoader', parent = [null]]]
07:51:49.066 [Test worker] DEBUG org.springframework.test.context.cache - Spring test ApplicationContext cache statistics: [DefaultContextCache@3327335e size = 1, maxSize = 32, parentContextCount = 0, hitCount = 10, missCount = 1]
07:51:49.067 [Test worker] DEBUG org.springframework.test.context.support.AbstractDirtiesContextTestExecutionListener - Before test method: context [DefaultTestContext@4dc95c5b testClass = TestSpecification, testInstance = com.sg.TestSpecification@341e850, testMethod = $spock_feature_0_0@TestSpecification, testException = [null], mergedContextConfiguration = [MergedContextConfiguration@14aaafea testClass = TestSpecification, locations = '{}', classes = '{class com.sg.core.Sandbox}', contextInitializerClasses = '[]', activeProfiles = '{}', propertySourceLocations = '{}', propertySourceProperties = '{}', contextCustomizers = set[org.spockframework.spring.mock.SpockContextCustomizer@0], contextLoader = 'org.springframework.test.context.support.DelegatingSmartContextLoader', parent = [null]], attributes = map['org.spockframework.spring.SpringMockTestExecutionListener.MOCKED_BEANS_LIST' -> list[[empty]]]], class annotated with @DirtiesContext [false] with mode [null], method annotated with @DirtiesContext [false] with mode [null].
07:51:49.067 [Test worker] DEBUG org.springframework.test.context.cache.DefaultCacheAwareContextLoaderDelegate - Retrieved ApplicationContext from cache with key [[MergedContextConfiguration@14aaafea testClass = TestSpecification, locations = '{}', classes = '{class com.sg.core.Sandbox}', contextInitializerClasses = '[]', activeProfiles = '{}', propertySourceLocations = '{}', propertySourceProperties = '{}', contextCustomizers = set[org.spockframework.spring.mock.SpockContextCustomizer@0], contextLoader = 'org.springframework.test.context.support.DelegatingSmartContextLoader', parent = [null]]]
07:51:49.067 [Test worker] DEBUG org.springframework.test.context.cache - Spring test ApplicationContext cache statistics: [DefaultContextCache@3327335e size = 1, maxSize = 32, parentContextCount = 0, hitCount = 11, missCount = 1]
07:51:49.068 [Test worker] DEBUG org.springframework.test.context.support.AbstractDirtiesContextTestExecutionListener - After test method: context [DefaultTestContext@4dc95c5b testClass = TestSpecification, testInstance = com.sg.TestSpecification@341e850, testMethod = $spock_feature_0_0@TestSpecification, testException = [null], mergedContextConfiguration = [MergedContextConfiguration@14aaafea testClass = TestSpecification, locations = '{}', classes = '{class com.sg.core.Sandbox}', contextInitializerClasses = '[]', activeProfiles = '{}', propertySourceLocations = '{}', propertySourceProperties = '{}', contextCustomizers = set[org.spockframework.spring.mock.SpockContextCustomizer@0], contextLoader = 'org.springframework.test.context.support.DelegatingSmartContextLoader', parent = [null]], attributes = map['org.spockframework.spring.SpringMockTestExecutionListener.MOCKED_BEANS_LIST' -> list[[empty]]]], class annotated with @DirtiesContext [false] with mode [null], method annotated with @DirtiesContext [false] with mode [null].
07:51:49.068 [Test worker] DEBUG org.springframework.test.context.support.DependencyInjectionTestExecutionListener - Performing dependency injection for test context [[DefaultTestContext@4dc95c5b testClass = TestSpecification, testInstance = com.sg.TestSpecification@75636e6c, testMethod = [null], testException = [null], mergedContextConfiguration = [MergedContextConfiguration@14aaafea testClass = TestSpecification, locations = '{}', classes = '{class com.sg.core.Sandbox}', contextInitializerClasses = '[]', activeProfiles = '{}', propertySourceLocations = '{}', propertySourceProperties = '{}', contextCustomizers = set[org.spockframework.spring.mock.SpockContextCustomizer@0], contextLoader = 'org.springframework.test.context.support.DelegatingSmartContextLoader', parent = [null]], attributes = map['org.spockframework.spring.SpringMockTestExecutionListener.MOCKED_BEANS_LIST' -> list[[empty]]]]].
07:51:49.069 [Test worker] DEBUG org.springframework.test.context.cache.DefaultCacheAwareContextLoaderDelegate - Retrieved ApplicationContext from cache with key [[MergedContextConfiguration@14aaafea testClass = TestSpecification, locations = '{}', classes = '{class com.sg.core.Sandbox}', contextInitializerClasses = '[]', activeProfiles = '{}', propertySourceLocations = '{}', propertySourceProperties = '{}', contextCustomizers = set[org.spockframework.spring.mock.SpockContextCustomizer@0], contextLoader = 'org.springframework.test.context.support.DelegatingSmartContextLoader', parent = [null]]]
07:51:49.069 [Test worker] DEBUG org.springframework.test.context.cache - Spring test ApplicationContext cache statistics: [DefaultContextCache@3327335e size = 1, maxSize = 32, parentContextCount = 0, hitCount = 12, missCount = 1]
07:51:49.069 [Test worker] DEBUG org.springframework.test.context.cache.DefaultCacheAwareContextLoaderDelegate - Retrieved ApplicationContext from cache with key [[MergedContextConfiguration@14aaafea testClass = TestSpecification, locations = '{}', classes = '{class com.sg.core.Sandbox}', contextInitializerClasses = '[]', activeProfiles = '{}', propertySourceLocations = '{}', propertySourceProperties = '{}', contextCustomizers = set[org.spockframework.spring.mock.SpockContextCustomizer@0], contextLoader = 'org.springframework.test.context.support.DelegatingSmartContextLoader', parent = [null]]]
07:51:49.069 [Test worker] DEBUG org.springframework.test.context.cache - Spring test ApplicationContext cache statistics: [DefaultContextCache@3327335e size = 1, maxSize = 32, parentContextCount = 0, hitCount = 13, missCount = 1]
07:51:49.070 [Test worker] DEBUG org.springframework.test.context.support.AbstractDirtiesContextTestExecutionListener - Before test method: context [DefaultTestContext@4dc95c5b testClass = TestSpecification, testInstance = com.sg.TestSpecification@75636e6c, testMethod = $spock_feature_0_0@TestSpecification, testException = [null], mergedContextConfiguration = [MergedContextConfiguration@14aaafea testClass = TestSpecification, locations = '{}', classes = '{class com.sg.core.Sandbox}', contextInitializerClasses = '[]', activeProfiles = '{}', propertySourceLocations = '{}', propertySourceProperties = '{}', contextCustomizers = set[org.spockframework.spring.mock.SpockContextCustomizer@0], contextLoader = 'org.springframework.test.context.support.DelegatingSmartContextLoader', parent = [null]], attributes = map['org.spockframework.spring.SpringMockTestExecutionListener.MOCKED_BEANS_LIST' -> list[[empty]]]], class annotated with @DirtiesContext [false] with mode [null], method annotated with @DirtiesContext [false] with mode [null].
07:51:49.070 [Test worker] DEBUG org.springframework.test.context.cache.DefaultCacheAwareContextLoaderDelegate - Retrieved ApplicationContext from cache with key [[MergedContextConfiguration@14aaafea testClass = TestSpecification, locations = '{}', classes = '{class com.sg.core.Sandbox}', contextInitializerClasses = '[]', activeProfiles = '{}', propertySourceLocations = '{}', propertySourceProperties = '{}', contextCustomizers = set[org.spockframework.spring.mock.SpockContextCustomizer@0], contextLoader = 'org.springframework.test.context.support.DelegatingSmartContextLoader', parent = [null]]]
07:51:49.070 [Test worker] DEBUG org.springframework.test.context.cache - Spring test ApplicationContext cache statistics: [DefaultContextCache@3327335e size = 1, maxSize = 32, parentContextCount = 0, hitCount = 14, missCount = 1]
07:51:49.071 [Test worker] DEBUG org.springframework.test.context.support.AbstractDirtiesContextTestExecutionListener - After test method: context [DefaultTestContext@4dc95c5b testClass = TestSpecification, testInstance = com.sg.TestSpecification@75636e6c, testMethod = $spock_feature_0_0@TestSpecification, testException = [null], mergedContextConfiguration = [MergedContextConfiguration@14aaafea testClass = TestSpecification, locations = '{}', classes = '{class com.sg.core.Sandbox}', contextInitializerClasses = '[]', activeProfiles = '{}', propertySourceLocations = '{}', propertySourceProperties = '{}', contextCustomizers = set[org.spockframework.spring.mock.SpockContextCustomizer@0], contextLoader = 'org.springframework.test.context.support.DelegatingSmartContextLoader', parent = [null]], attributes = map['org.spockframework.spring.SpringMockTestExecutionListener.MOCKED_BEANS_LIST' -> list[[empty]]]], class annotated with @DirtiesContext [false] with mode [null], method annotated with @DirtiesContext [false] with mode [null].
07:51:49.071 [Test worker] DEBUG org.springframework.test.context.support.DependencyInjectionTestExecutionListener - Performing dependency injection for test context [[DefaultTestContext@4dc95c5b testClass = TestSpecification, testInstance = com.sg.TestSpecification@eac5421, testMethod = [null], testException = [null], mergedContextConfiguration = [MergedContextConfiguration@14aaafea testClass = TestSpecification, locations = '{}', classes = '{class com.sg.core.Sandbox}', contextInitializerClasses = '[]', activeProfiles = '{}', propertySourceLocations = '{}', propertySourceProperties = '{}', contextCustomizers = set[org.spockframework.spring.mock.SpockContextCustomizer@0], contextLoader = 'org.springframework.test.context.support.DelegatingSmartContextLoader', parent = [null]], attributes = map['org.spockframework.spring.SpringMockTestExecutionListener.MOCKED_BEANS_LIST' -> list[[empty]]]]].
07:51:49.072 [Test worker] DEBUG org.springframework.test.context.cache.DefaultCacheAwareContextLoaderDelegate - Retrieved ApplicationContext from cache with key [[MergedContextConfiguration@14aaafea testClass = TestSpecification, locations = '{}', classes = '{class com.sg.core.Sandbox}', contextInitializerClasses = '[]', activeProfiles = '{}', propertySourceLocations = '{}', propertySourceProperties = '{}', contextCustomizers = set[org.spockframework.spring.mock.SpockContextCustomizer@0], contextLoader = 'org.springframework.test.context.support.DelegatingSmartContextLoader', parent = [null]]]
07:51:49.072 [Test worker] DEBUG org.springframework.test.context.cache - Spring test ApplicationContext cache statistics: [DefaultContextCache@3327335e size = 1, maxSize = 32, parentContextCount = 0, hitCount = 15, missCount = 1]
07:51:49.072 [Test worker] DEBUG org.springframework.test.context.cache.DefaultCacheAwareContextLoaderDelegate - Retrieved ApplicationContext from cache with key [[MergedContextConfiguration@14aaafea testClass = TestSpecification, locations = '{}', classes = '{class com.sg.core.Sandbox}', contextInitializerClasses = '[]', activeProfiles = '{}', propertySourceLocations = '{}', propertySourceProperties = '{}', contextCustomizers = set[org.spockframework.spring.mock.SpockContextCustomizer@0], contextLoader = 'org.springframework.test.context.support.DelegatingSmartContextLoader', parent = [null]]]
07:51:49.072 [Test worker] DEBUG org.springframework.test.context.cache - Spring test ApplicationContext cache statistics: [DefaultContextCache@3327335e size = 1, maxSize = 32, parentContextCount = 0, hitCount = 16, missCount = 1]
07:51:49.073 [Test worker] DEBUG org.springframework.test.context.support.AbstractDirtiesContextTestExecutionListener - Before test method: context [DefaultTestContext@4dc95c5b testClass = TestSpecification, testInstance = com.sg.TestSpecification@eac5421, testMethod = $spock_feature_0_0@TestSpecification, testException = [null], mergedContextConfiguration = [MergedContextConfiguration@14aaafea testClass = TestSpecification, locations = '{}', classes = '{class com.sg.core.Sandbox}', contextInitializerClasses = '[]', activeProfiles = '{}', propertySourceLocations = '{}', propertySourceProperties = '{}', contextCustomizers = set[org.spockframework.spring.mock.SpockContextCustomizer@0], contextLoader = 'org.springframework.test.context.support.DelegatingSmartContextLoader', parent = [null]], attributes = map['org.spockframework.spring.SpringMockTestExecutionListener.MOCKED_BEANS_LIST' -> list[[empty]]]], class annotated with @DirtiesContext [false] with mode [null], method annotated with @DirtiesContext [false] with mode [null].
07:51:49.073 [Test worker] DEBUG org.springframework.test.context.cache.DefaultCacheAwareContextLoaderDelegate - Retrieved ApplicationContext from cache with key [[MergedContextConfiguration@14aaafea testClass = TestSpecification, locations = '{}', classes = '{class com.sg.core.Sandbox}', contextInitializerClasses = '[]', activeProfiles = '{}', propertySourceLocations = '{}', propertySourceProperties = '{}', contextCustomizers = set[org.spockframework.spring.mock.SpockContextCustomizer@0], contextLoader = 'org.springframework.test.context.support.DelegatingSmartContextLoader', parent = [null]]]
07:51:49.074 [Test worker] DEBUG org.springframework.test.context.cache - Spring test ApplicationContext cache statistics: [DefaultContextCache@3327335e size = 1, maxSize = 32, parentContextCount = 0, hitCount = 17, missCount = 1]
07:51:49.074 [Test worker] DEBUG org.springframework.test.context.support.AbstractDirtiesContextTestExecutionListener - After test method: context [DefaultTestContext@4dc95c5b testClass = TestSpecification, testInstance = com.sg.TestSpecification@eac5421, testMethod = $spock_feature_0_0@TestSpecification, testException = [null], mergedContextConfiguration = [MergedContextConfiguration@14aaafea testClass = TestSpecification, locations = '{}', classes = '{class com.sg.core.Sandbox}', contextInitializerClasses = '[]', activeProfiles = '{}', propertySourceLocations = '{}', propertySourceProperties = '{}', contextCustomizers = set[org.spockframework.spring.mock.SpockContextCustomizer@0], contextLoader = 'org.springframework.test.context.support.DelegatingSmartContextLoader', parent = [null]], attributes = map['org.spockframework.spring.SpringMockTestExecutionListener.MOCKED_BEANS_LIST' -> list[[empty]]]], class annotated with @DirtiesContext [false] with mode [null], method annotated with @DirtiesContext [false] with mode [null].
07:51:49.074 [Test worker] DEBUG org.springframework.test.context.support.DependencyInjectionTestExecutionListener - Performing dependency injection for test context [[DefaultTestContext@4dc95c5b testClass = TestSpecification, testInstance = com.sg.TestSpecification@695ee1b4, testMethod = [null], testException = [null], mergedContextConfiguration = [MergedContextConfiguration@14aaafea testClass = TestSpecification, locations = '{}', classes = '{class com.sg.core.Sandbox}', contextInitializerClasses = '[]', activeProfiles = '{}', propertySourceLocations = '{}', propertySourceProperties = '{}', contextCustomizers = set[org.spockframework.spring.mock.SpockContextCustomizer@0], contextLoader = 'org.springframework.test.context.support.DelegatingSmartContextLoader', parent = [null]], attributes = map['org.spockframework.spring.SpringMockTestExecutionListener.MOCKED_BEANS_LIST' -> list[[empty]]]]].
07:51:49.075 [Test worker] DEBUG org.springframework.test.context.cache.DefaultCacheAwareContextLoaderDelegate - Retrieved ApplicationContext from cache with key [[MergedContextConfiguration@14aaafea testClass = TestSpecification, locations = '{}', classes = '{class com.sg.core.Sandbox}', contextInitializerClasses = '[]', activeProfiles = '{}', propertySourceLocations = '{}', propertySourceProperties = '{}', contextCustomizers = set[org.spockframework.spring.mock.SpockContextCustomizer@0], contextLoader = 'org.springframework.test.context.support.DelegatingSmartContextLoader', parent = [null]]]
07:51:49.075 [Test worker] DEBUG org.springframework.test.context.cache - Spring test ApplicationContext cache statistics: [DefaultContextCache@3327335e size = 1, maxSize = 32, parentContextCount = 0, hitCount = 18, missCount = 1]
07:51:49.075 [Test worker] DEBUG org.springframework.test.context.cache.DefaultCacheAwareContextLoaderDelegate - Retrieved ApplicationContext from cache with key [[MergedContextConfiguration@14aaafea testClass = TestSpecification, locations = '{}', classes = '{class com.sg.core.Sandbox}', contextInitializerClasses = '[]', activeProfiles = '{}', propertySourceLocations = '{}', propertySourceProperties = '{}', contextCustomizers = set[org.spockframework.spring.mock.SpockContextCustomizer@0], contextLoader = 'org.springframework.test.context.support.DelegatingSmartContextLoader', parent = [null]]]
07:51:49.075 [Test worker] DEBUG org.springframework.test.context.cache - Spring test ApplicationContext cache statistics: [DefaultContextCache@3327335e size = 1, maxSize = 32, parentContextCount = 0, hitCount = 19, missCount = 1]
07:51:49.076 [Test worker] DEBUG org.springframework.test.context.support.AbstractDirtiesContextTestExecutionListener - Before test method: context [DefaultTestContext@4dc95c5b testClass = TestSpecification, testInstance = com.sg.TestSpecification@695ee1b4, testMethod = $spock_feature_0_0@TestSpecification, testException = [null], mergedContextConfiguration = [MergedContextConfiguration@14aaafea testClass = TestSpecification, locations = '{}', classes = '{class com.sg.core.Sandbox}', contextInitializerClasses = '[]', activeProfiles = '{}', propertySourceLocations = '{}', propertySourceProperties = '{}', contextCustomizers = set[org.spockframework.spring.mock.SpockContextCustomizer@0], contextLoader = 'org.springframework.test.context.support.DelegatingSmartContextLoader', parent = [null]], attributes = map['org.spockframework.spring.SpringMockTestExecutionListener.MOCKED_BEANS_LIST' -> list[[empty]]]], class annotated with @DirtiesContext [false] with mode [null], method annotated with @DirtiesContext [false] with mode [null].
07:51:49.076 [Test worker] DEBUG org.springframework.test.context.cache.DefaultCacheAwareContextLoaderDelegate - Retrieved ApplicationContext from cache with key [[MergedContextConfiguration@14aaafea testClass = TestSpecification, locations = '{}', classes = '{class com.sg.core.Sandbox}', contextInitializerClasses = '[]', activeProfiles = '{}', propertySourceLocations = '{}', propertySourceProperties = '{}', contextCustomizers = set[org.spockframework.spring.mock.SpockContextCustomizer@0], contextLoader = 'org.springframework.test.context.support.DelegatingSmartContextLoader', parent = [null]]]
07:51:49.077 [Test worker] DEBUG org.springframework.test.context.cache - Spring test ApplicationContext cache statistics: [DefaultContextCache@3327335e size = 1, maxSize = 32, parentContextCount = 0, hitCount = 20, missCount = 1]
07:51:49.077 [Test worker] DEBUG org.springframework.test.context.support.AbstractDirtiesContextTestExecutionListener - After test method: context [DefaultTestContext@4dc95c5b testClass = TestSpecification, testInstance = com.sg.TestSpecification@695ee1b4, testMethod = $spock_feature_0_0@TestSpecification, testException = [null], mergedContextConfiguration = [MergedContextConfiguration@14aaafea testClass = TestSpecification, locations = '{}', classes = '{class com.sg.core.Sandbox}', contextInitializerClasses = '[]', activeProfiles = '{}', propertySourceLocations = '{}', propertySourceProperties = '{}', contextCustomizers = set[org.spockframework.spring.mock.SpockContextCustomizer@0], contextLoader = 'org.springframework.test.context.support.DelegatingSmartContextLoader', parent = [null]], attributes = map['org.spockframework.spring.SpringMockTestExecutionListener.MOCKED_BEANS_LIST' -> list[[empty]]]], class annotated with @DirtiesContext [false] with mode [null], method annotated with @DirtiesContext [false] with mode [null].
07:51:49.078 [Test worker] DEBUG org.springframework.test.context.support.DependencyInjectionTestExecutionListener - Performing dependency injection for test context [[DefaultTestContext@4dc95c5b testClass = TestSpecification, testInstance = com.sg.TestSpecification@65d187a7, testMethod = [null], testException = [null], mergedContextConfiguration = [MergedContextConfiguration@14aaafea testClass = TestSpecification, locations = '{}', classes = '{class com.sg.core.Sandbox}', contextInitializerClasses = '[]', activeProfiles = '{}', propertySourceLocations = '{}', propertySourceProperties = '{}', contextCustomizers = set[org.spockframework.spring.mock.SpockContextCustomizer@0], contextLoader = 'org.springframework.test.context.support.DelegatingSmartContextLoader', parent = [null]], attributes = map['org.spockframework.spring.SpringMockTestExecutionListener.MOCKED_BEANS_LIST' -> list[[empty]]]]].
07:51:49.078 [Test worker] DEBUG org.springframework.test.context.cache.DefaultCacheAwareContextLoaderDelegate - Retrieved ApplicationContext from cache with key [[MergedContextConfiguration@14aaafea testClass = TestSpecification, locations = '{}', classes = '{class com.sg.core.Sandbox}', contextInitializerClasses = '[]', activeProfiles = '{}', propertySourceLocations = '{}', propertySourceProperties = '{}', contextCustomizers = set[org.spockframework.spring.mock.SpockContextCustomizer@0], contextLoader = 'org.springframework.test.context.support.DelegatingSmartContextLoader', parent = [null]]]
07:51:49.078 [Test worker] DEBUG org.springframework.test.context.cache - Spring test ApplicationContext cache statistics: [DefaultContextCache@3327335e size = 1, maxSize = 32, parentContextCount = 0, hitCount = 21, missCount = 1]
07:51:49.078 [Test worker] DEBUG org.springframework.test.context.cache.DefaultCacheAwareContextLoaderDelegate - Retrieved ApplicationContext from cache with key [[MergedContextConfiguration@14aaafea testClass = TestSpecification, locations = '{}', classes = '{class com.sg.core.Sandbox}', contextInitializerClasses = '[]', activeProfiles = '{}', propertySourceLocations = '{}', propertySourceProperties = '{}', contextCustomizers = set[org.spockframework.spring.mock.SpockContextCustomizer@0], contextLoader = 'org.springframework.test.context.support.DelegatingSmartContextLoader', parent = [null]]]
07:51:49.078 [Test worker] DEBUG org.springframework.test.context.cache - Spring test ApplicationContext cache statistics: [DefaultContextCache@3327335e size = 1, maxSize = 32, parentContextCount = 0, hitCount = 22, missCount = 1]
07:51:49.079 [Test worker] DEBUG org.springframework.test.context.support.AbstractDirtiesContextTestExecutionListener - Before test method: context [DefaultTestContext@4dc95c5b testClass = TestSpecification, testInstance = com.sg.TestSpecification@65d187a7, testMethod = $spock_feature_0_0@TestSpecification, testException = [null], mergedContextConfiguration = [MergedContextConfiguration@14aaafea testClass = TestSpecification, locations = '{}', classes = '{class com.sg.core.Sandbox}', contextInitializerClasses = '[]', activeProfiles = '{}', propertySourceLocations = '{}', propertySourceProperties = '{}', contextCustomizers = set[org.spockframework.spring.mock.SpockContextCustomizer@0], contextLoader = 'org.springframework.test.context.support.DelegatingSmartContextLoader', parent = [null]], attributes = map['org.spockframework.spring.SpringMockTestExecutionListener.MOCKED_BEANS_LIST' -> list[[empty]]]], class annotated with @DirtiesContext [false] with mode [null], method annotated with @DirtiesContext [false] with mode [null].
07:51:49.080 [Test worker] DEBUG org.springframework.test.context.cache.DefaultCacheAwareContextLoaderDelegate - Retrieved ApplicationContext from cache with key [[MergedContextConfiguration@14aaafea testClass = TestSpecification, locations = '{}', classes = '{class com.sg.core.Sandbox}', contextInitializerClasses = '[]', activeProfiles = '{}', propertySourceLocations = '{}', propertySourceProperties = '{}', contextCustomizers = set[org.spockframework.spring.mock.SpockContextCustomizer@0], contextLoader = 'org.springframework.test.context.support.DelegatingSmartContextLoader', parent = [null]]]
07:51:49.080 [Test worker] DEBUG org.springframework.test.context.cache - Spring test ApplicationContext cache statistics: [DefaultContextCache@3327335e size = 1, maxSize = 32, parentContextCount = 0, hitCount = 23, missCount = 1]
07:51:49.081 [Test worker] DEBUG org.springframework.test.context.support.AbstractDirtiesContextTestExecutionListener - After test method: context [DefaultTestContext@4dc95c5b testClass = TestSpecification, testInstance = com.sg.TestSpecification@65d187a7, testMethod = $spock_feature_0_0@TestSpecification, testException = [null], mergedContextConfiguration = [MergedContextConfiguration@14aaafea testClass = TestSpecification, locations = '{}', classes = '{class com.sg.core.Sandbox}', contextInitializerClasses = '[]', activeProfiles = '{}', propertySourceLocations = '{}', propertySourceProperties = '{}', contextCustomizers = set[org.spockframework.spring.mock.SpockContextCustomizer@0], contextLoader = 'org.springframework.test.context.support.DelegatingSmartContextLoader', parent = [null]], attributes = map['org.spockframework.spring.SpringMockTestExecutionListener.MOCKED_BEANS_LIST' -> list[[empty]]]], class annotated with @DirtiesContext [false] with mode [null], method annotated with @DirtiesContext [false] with mode [null].
07:51:49.082 [Test worker] DEBUG org.springframework.test.context.support.DependencyInjectionTestExecutionListener - Performing dependency injection for test context [[DefaultTestContext@4dc95c5b testClass = TestSpecification, testInstance = com.sg.TestSpecification@7903db6b, testMethod = [null], testException = [null], mergedContextConfiguration = [MergedContextConfiguration@14aaafea testClass = TestSpecification, locations = '{}', classes = '{class com.sg.core.Sandbox}', contextInitializerClasses = '[]', activeProfiles = '{}', propertySourceLocations = '{}', propertySourceProperties = '{}', contextCustomizers = set[org.spockframework.spring.mock.SpockContextCustomizer@0], contextLoader = 'org.springframework.test.context.support.DelegatingSmartContextLoader', parent = [null]], attributes = map['org.spockframework.spring.SpringMockTestExecutionListener.MOCKED_BEANS_LIST' -> list[[empty]]]]].
07:51:49.082 [Test worker] DEBUG org.springframework.test.context.cache.DefaultCacheAwareContextLoaderDelegate - Retrieved ApplicationContext from cache with key [[MergedContextConfiguration@14aaafea testClass = TestSpecification, locations = '{}', classes = '{class com.sg.core.Sandbox}', contextInitializerClasses = '[]', activeProfiles = '{}', propertySourceLocations = '{}', propertySourceProperties = '{}', contextCustomizers = set[org.spockframework.spring.mock.SpockContextCustomizer@0], contextLoader = 'org.springframework.test.context.support.DelegatingSmartContextLoader', parent = [null]]]
07:51:49.082 [Test worker] DEBUG org.springframework.test.context.cache - Spring test ApplicationContext cache statistics: [DefaultContextCache@3327335e size = 1, maxSize = 32, parentContextCount = 0, hitCount = 24, missCount = 1]
07:51:49.083 [Test worker] DEBUG org.springframework.test.context.cache.DefaultCacheAwareContextLoaderDelegate - Retrieved ApplicationContext from cache with key [[MergedContextConfiguration@14aaafea testClass = TestSpecification, locations = '{}', classes = '{class com.sg.core.Sandbox}', contextInitializerClasses = '[]', activeProfiles = '{}', propertySourceLocations = '{}', propertySourceProperties = '{}', contextCustomizers = set[org.spockframework.spring.mock.SpockContextCustomizer@0], contextLoader = 'org.springframework.test.context.support.DelegatingSmartContextLoader', parent = [null]]]
07:51:49.083 [Test worker] DEBUG org.springframework.test.context.cache - Spring test ApplicationContext cache statistics: [DefaultContextCache@3327335e size = 1, maxSize = 32, parentContextCount = 0, hitCount = 25, missCount = 1]
07:51:49.084 [Test worker] DEBUG org.springframework.test.context.support.AbstractDirtiesContextTestExecutionListener - Before test method: context [DefaultTestContext@4dc95c5b testClass = TestSpecification, testInstance = com.sg.TestSpecification@7903db6b, testMethod = $spock_feature_0_0@TestSpecification, testException = [null], mergedContextConfiguration = [MergedContextConfiguration@14aaafea testClass = TestSpecification, locations = '{}', classes = '{class com.sg.core.Sandbox}', contextInitializerClasses = '[]', activeProfiles = '{}', propertySourceLocations = '{}', propertySourceProperties = '{}', contextCustomizers = set[org.spockframework.spring.mock.SpockContextCustomizer@0], contextLoader = 'org.springframework.test.context.support.DelegatingSmartContextLoader', parent = [null]], attributes = map['org.spockframework.spring.SpringMockTestExecutionListener.MOCKED_BEANS_LIST' -> list[[empty]]]], class annotated with @DirtiesContext [false] with mode [null], method annotated with @DirtiesContext [false] with mode [null].
07:51:49.084 [Test worker] DEBUG org.springframework.test.context.cache.DefaultCacheAwareContextLoaderDelegate - Retrieved ApplicationContext from cache with key [[MergedContextConfiguration@14aaafea testClass = TestSpecification, locations = '{}', classes = '{class com.sg.core.Sandbox}', contextInitializerClasses = '[]', activeProfiles = '{}', propertySourceLocations = '{}', propertySourceProperties = '{}', contextCustomizers = set[org.spockframework.spring.mock.SpockContextCustomizer@0], contextLoader = 'org.springframework.test.context.support.DelegatingSmartContextLoader', parent = [null]]]
07:51:49.084 [Test worker] DEBUG org.springframework.test.context.cache - Spring test ApplicationContext cache statistics: [DefaultContextCache@3327335e size = 1, maxSize = 32, parentContextCount = 0, hitCount = 26, missCount = 1]
07:51:49.084 [Test worker] DEBUG org.springframework.test.context.support.AbstractDirtiesContextTestExecutionListener - After test method: context [DefaultTestContext@4dc95c5b testClass = TestSpecification, testInstance = com.sg.TestSpecification@7903db6b, testMethod = $spock_feature_0_0@TestSpecification, testException = [null], mergedContextConfiguration = [MergedContextConfiguration@14aaafea testClass = TestSpecification, locations = '{}', classes = '{class com.sg.core.Sandbox}', contextInitializerClasses = '[]', activeProfiles = '{}', propertySourceLocations = '{}', propertySourceProperties = '{}', contextCustomizers = set[org.spockframework.spring.mock.SpockContextCustomizer@0], contextLoader = 'org.springframework.test.context.support.DelegatingSmartContextLoader', parent = [null]], attributes = map['org.spockframework.spring.SpringMockTestExecutionListener.MOCKED_BEANS_LIST' -> list[[empty]]]], class annotated with @DirtiesContext [false] with mode [null], method annotated with @DirtiesContext [false] with mode [null].
07:51:49.085 [Test worker] DEBUG org.springframework.test.context.support.DependencyInjectionTestExecutionListener - Performing dependency injection for test context [[DefaultTestContext@4dc95c5b testClass = TestSpecification, testInstance = com.sg.TestSpecification@10868753, testMethod = [null], testException = [null], mergedContextConfiguration = [MergedContextConfiguration@14aaafea testClass = TestSpecification, locations = '{}', classes = '{class com.sg.core.Sandbox}', contextInitializerClasses = '[]', activeProfiles = '{}', propertySourceLocations = '{}', propertySourceProperties = '{}', contextCustomizers = set[org.spockframework.spring.mock.SpockContextCustomizer@0], contextLoader = 'org.springframework.test.context.support.DelegatingSmartContextLoader', parent = [null]], attributes = map['org.spockframework.spring.SpringMockTestExecutionListener.MOCKED_BEANS_LIST' -> list[[empty]]]]].
07:51:49.085 [Test worker] DEBUG org.springframework.test.context.cache.DefaultCacheAwareContextLoaderDelegate - Retrieved ApplicationContext from cache with key [[MergedContextConfiguration@14aaafea testClass = TestSpecification, locations = '{}', classes = '{class com.sg.core.Sandbox}', contextInitializerClasses = '[]', activeProfiles = '{}', propertySourceLocations = '{}', propertySourceProperties = '{}', contextCustomizers = set[org.spockframework.spring.mock.SpockContextCustomizer@0], contextLoader = 'org.springframework.test.context.support.DelegatingSmartContextLoader', parent = [null]]]
07:51:49.085 [Test worker] DEBUG org.springframework.test.context.cache - Spring test ApplicationContext cache statistics: [DefaultContextCache@3327335e size = 1, maxSize = 32, parentContextCount = 0, hitCount = 27, missCount = 1]
07:51:49.086 [Test worker] DEBUG org.springframework.test.context.cache.DefaultCacheAwareContextLoaderDelegate - Retrieved ApplicationContext from cache with key [[MergedContextConfiguration@14aaafea testClass = TestSpecification, locations = '{}', classes = '{class com.sg.core.Sandbox}', contextInitializerClasses = '[]', activeProfiles = '{}', propertySourceLocations = '{}', propertySourceProperties = '{}', contextCustomizers = set[org.spockframework.spring.mock.SpockContextCustomizer@0], contextLoader = 'org.springframework.test.context.support.DelegatingSmartContextLoader', parent = [null]]]
07:51:49.086 [Test worker] DEBUG org.springframework.test.context.cache - Spring test ApplicationContext cache statistics: [DefaultContextCache@3327335e size = 1, maxSize = 32, parentContextCount = 0, hitCount = 28, missCount = 1]
07:51:49.086 [Test worker] DEBUG org.springframework.test.context.support.AbstractDirtiesContextTestExecutionListener - Before test method: context [DefaultTestContext@4dc95c5b testClass = TestSpecification, testInstance = com.sg.TestSpecification@10868753, testMethod = $spock_feature_0_0@TestSpecification, testException = [null], mergedContextConfiguration = [MergedContextConfiguration@14aaafea testClass = TestSpecification, locations = '{}', classes = '{class com.sg.core.Sandbox}', contextInitializerClasses = '[]', activeProfiles = '{}', propertySourceLocations = '{}', propertySourceProperties = '{}', contextCustomizers = set[org.spockframework.spring.mock.SpockContextCustomizer@0], contextLoader = 'org.springframework.test.context.support.DelegatingSmartContextLoader', parent = [null]], attributes = map['org.spockframework.spring.SpringMockTestExecutionListener.MOCKED_BEANS_LIST' -> list[[empty]]]], class annotated with @DirtiesContext [false] with mode [null], method annotated with @DirtiesContext [false] with mode [null].
07:51:49.087 [Test worker] DEBUG org.springframework.test.context.cache.DefaultCacheAwareContextLoaderDelegate - Retrieved ApplicationContext from cache with key [[MergedContextConfiguration@14aaafea testClass = TestSpecification, locations = '{}', classes = '{class com.sg.core.Sandbox}', contextInitializerClasses = '[]', activeProfiles = '{}', propertySourceLocations = '{}', propertySourceProperties = '{}', contextCustomizers = set[org.spockframework.spring.mock.SpockContextCustomizer@0], contextLoader = 'org.springframework.test.context.support.DelegatingSmartContextLoader', parent = [null]]]
07:51:49.087 [Test worker] DEBUG org.springframework.test.context.cache - Spring test ApplicationContext cache statistics: [DefaultContextCache@3327335e size = 1, maxSize = 32, parentContextCount = 0, hitCount = 29, missCount = 1]
07:51:49.087 [Test worker] DEBUG org.springframework.test.context.support.AbstractDirtiesContextTestExecutionListener - After test method: context [DefaultTestContext@4dc95c5b testClass = TestSpecification, testInstance = com.sg.TestSpecification@10868753, testMethod = $spock_feature_0_0@TestSpecification, testException = [null], mergedContextConfiguration = [MergedContextConfiguration@14aaafea testClass = TestSpecification, locations = '{}', classes = '{class com.sg.core.Sandbox}', contextInitializerClasses = '[]', activeProfiles = '{}', propertySourceLocations = '{}', propertySourceProperties = '{}', contextCustomizers = set[org.spockframework.spring.mock.SpockContextCustomizer@0], contextLoader = 'org.springframework.test.context.support.DelegatingSmartContextLoader', parent = [null]], attributes = map['org.spockframework.spring.SpringMockTestExecutionListener.MOCKED_BEANS_LIST' -> list[[empty]]]], class annotated with @DirtiesContext [false] with mode [null], method annotated with @DirtiesContext [false] with mode [null].
07:51:49.088 [Test worker] DEBUG org.springframework.test.context.support.DependencyInjectionTestExecutionListener - Performing dependency injection for test context [[DefaultTestContext@4dc95c5b testClass = TestSpecification, testInstance = com.sg.TestSpecification@67f5fc41, testMethod = [null], testException = [null], mergedContextConfiguration = [MergedContextConfiguration@14aaafea testClass = TestSpecification, locations = '{}', classes = '{class com.sg.core.Sandbox}', contextInitializerClasses = '[]', activeProfiles = '{}', propertySourceLocations = '{}', propertySourceProperties = '{}', contextCustomizers = set[org.spockframework.spring.mock.SpockContextCustomizer@0], contextLoader = 'org.springframework.test.context.support.DelegatingSmartContextLoader', parent = [null]], attributes = map['org.spockframework.spring.SpringMockTestExecutionListener.MOCKED_BEANS_LIST' -> list[[empty]]]]].
07:51:49.088 [Test worker] DEBUG org.springframework.test.context.cache.DefaultCacheAwareContextLoaderDelegate - Retrieved ApplicationContext from cache with key [[MergedContextConfiguration@14aaafea testClass = TestSpecification, locations = '{}', classes = '{class com.sg.core.Sandbox}', contextInitializerClasses = '[]', activeProfiles = '{}', propertySourceLocations = '{}', propertySourceProperties = '{}', contextCustomizers = set[org.spockframework.spring.mock.SpockContextCustomizer@0], contextLoader = 'org.springframework.test.context.support.DelegatingSmartContextLoader', parent = [null]]]
07:51:49.088 [Test worker] DEBUG org.springframework.test.context.cache - Spring test ApplicationContext cache statistics: [DefaultContextCache@3327335e size = 1, maxSize = 32, parentContextCount = 0, hitCount = 30, missCount = 1]
07:51:49.088 [Test worker] DEBUG org.springframework.test.context.cache.DefaultCacheAwareContextLoaderDelegate - Retrieved ApplicationContext from cache with key [[MergedContextConfiguration@14aaafea testClass = TestSpecification, locations = '{}', classes = '{class com.sg.core.Sandbox}', contextInitializerClasses = '[]', activeProfiles = '{}', propertySourceLocations = '{}', propertySourceProperties = '{}', contextCustomizers = set[org.spockframework.spring.mock.SpockContextCustomizer@0], contextLoader = 'org.springframework.test.context.support.DelegatingSmartContextLoader', parent = [null]]]
07:51:49.089 [Test worker] DEBUG org.springframework.test.context.cache - Spring test ApplicationContext cache statistics: [DefaultContextCache@3327335e size = 1, maxSize = 32, parentContextCount = 0, hitCount = 31, missCount = 1]
07:51:49.089 [Test worker] DEBUG org.springframework.test.context.support.AbstractDirtiesContextTestExecutionListener - Before test method: context [DefaultTestContext@4dc95c5b testClass = TestSpecification, testInstance = com.sg.TestSpecification@67f5fc41, testMethod = $spock_feature_0_0@TestSpecification, testException = [null], mergedContextConfiguration = [MergedContextConfiguration@14aaafea testClass = TestSpecification, locations = '{}', classes = '{class com.sg.core.Sandbox}', contextInitializerClasses = '[]', activeProfiles = '{}', propertySourceLocations = '{}', propertySourceProperties = '{}', contextCustomizers = set[org.spockframework.spring.mock.SpockContextCustomizer@0], contextLoader = 'org.springframework.test.context.support.DelegatingSmartContextLoader', parent = [null]], attributes = map['org.spockframework.spring.SpringMockTestExecutionListener.MOCKED_BEANS_LIST' -> list[[empty]]]], class annotated with @DirtiesContext [false] with mode [null], method annotated with @DirtiesContext [false] with mode [null].
07:51:49.089 [Test worker] DEBUG org.springframework.test.context.cache.DefaultCacheAwareContextLoaderDelegate - Retrieved ApplicationContext from cache with key [[MergedContextConfiguration@14aaafea testClass = TestSpecification, locations = '{}', classes = '{class com.sg.core.Sandbox}', contextInitializerClasses = '[]', activeProfiles = '{}', propertySourceLocations = '{}', propertySourceProperties = '{}', contextCustomizers = set[org.spockframework.spring.mock.SpockContextCustomizer@0], contextLoader = 'org.springframework.test.context.support.DelegatingSmartContextLoader', parent = [null]]]
07:51:49.090 [Test worker] DEBUG org.springframework.test.context.cache - Spring test ApplicationContext cache statistics: [DefaultContextCache@3327335e size = 1, maxSize = 32, parentContextCount = 0, hitCount = 32, missCount = 1]
07:51:49.090 [Test worker] DEBUG org.springframework.test.context.support.AbstractDirtiesContextTestExecutionListener - After test method: context [DefaultTestContext@4dc95c5b testClass = TestSpecification, testInstance = com.sg.TestSpecification@67f5fc41, testMethod = $spock_feature_0_0@TestSpecification, testException = [null], mergedContextConfiguration = [MergedContextConfiguration@14aaafea testClass = TestSpecification, locations = '{}', classes = '{class com.sg.core.Sandbox}', contextInitializerClasses = '[]', activeProfiles = '{}', propertySourceLocations = '{}', propertySourceProperties = '{}', contextCustomizers = set[org.spockframework.spring.mock.SpockContextCustomizer@0], contextLoader = 'org.springframework.test.context.support.DelegatingSmartContextLoader', parent = [null]], attributes = map['org.spockframework.spring.SpringMockTestExecutionListener.MOCKED_BEANS_LIST' -> list[[empty]]]], class annotated with @DirtiesContext [false] with mode [null], method annotated with @DirtiesContext [false] with mode [null].
07:51:49.091 [Test worker] DEBUG org.springframework.test.context.support.DependencyInjectionTestExecutionListener - Performing dependency injection for test context [[DefaultTestContext@4dc95c5b testClass = TestSpecification, testInstance = com.sg.TestSpecification@76017835, testMethod = [null], testException = [null], mergedContextConfiguration = [MergedContextConfiguration@14aaafea testClass = TestSpecification, locations = '{}', classes = '{class com.sg.core.Sandbox}', contextInitializerClasses = '[]', activeProfiles = '{}', propertySourceLocations = '{}', propertySourceProperties = '{}', contextCustomizers = set[org.spockframework.spring.mock.SpockContextCustomizer@0], contextLoader = 'org.springframework.test.context.support.DelegatingSmartContextLoader', parent = [null]], attributes = map['org.spockframework.spring.SpringMockTestExecutionListener.MOCKED_BEANS_LIST' -> list[[empty]]]]].
07:51:49.091 [Test worker] DEBUG org.springframework.test.context.cache.DefaultCacheAwareContextLoaderDelegate - Retrieved ApplicationContext from cache with key [[MergedContextConfiguration@14aaafea testClass = TestSpecification, locations = '{}', classes = '{class com.sg.core.Sandbox}', contextInitializerClasses = '[]', activeProfiles = '{}', propertySourceLocations = '{}', propertySourceProperties = '{}', contextCustomizers = set[org.spockframework.spring.mock.SpockContextCustomizer@0], contextLoader = 'org.springframework.test.context.support.DelegatingSmartContextLoader', parent = [null]]]
07:51:49.091 [Test worker] DEBUG org.springframework.test.context.cache - Spring test ApplicationContext cache statistics: [DefaultContextCache@3327335e size = 1, maxSize = 32, parentContextCount = 0, hitCount = 33, missCount = 1]
07:51:49.091 [Test worker] DEBUG org.springframework.test.context.cache.DefaultCacheAwareContextLoaderDelegate - Retrieved ApplicationContext from cache with key [[MergedContextConfiguration@14aaafea testClass = TestSpecification, locations = '{}', classes = '{class com.sg.core.Sandbox}', contextInitializerClasses = '[]', activeProfiles = '{}', propertySourceLocations = '{}', propertySourceProperties = '{}', contextCustomizers = set[org.spockframework.spring.mock.SpockContextCustomizer@0], contextLoader = 'org.springframework.test.context.support.DelegatingSmartContextLoader', parent = [null]]]
07:51:49.092 [Test worker] DEBUG org.springframework.test.context.cache - Spring test ApplicationContext cache statistics: [DefaultContextCache@3327335e size = 1, maxSize = 32, parentContextCount = 0, hitCount = 34, missCount = 1]
07:51:49.092 [Test worker] DEBUG org.springframework.test.context.support.AbstractDirtiesContextTestExecutionListener - Before test method: context [DefaultTestContext@4dc95c5b testClass = TestSpecification, testInstance = com.sg.TestSpecification@76017835, testMethod = $spock_feature_0_0@TestSpecification, testException = [null], mergedContextConfiguration = [MergedContextConfiguration@14aaafea testClass = TestSpecification, locations = '{}', classes = '{class com.sg.core.Sandbox}', contextInitializerClasses = '[]', activeProfiles = '{}', propertySourceLocations = '{}', propertySourceProperties = '{}', contextCustomizers = set[org.spockframework.spring.mock.SpockContextCustomizer@0], contextLoader = 'org.springframework.test.context.support.DelegatingSmartContextLoader', parent = [null]], attributes = map['org.spockframework.spring.SpringMockTestExecutionListener.MOCKED_BEANS_LIST' -> list[[empty]]]], class annotated with @DirtiesContext [false] with mode [null], method annotated with @DirtiesContext [false] with mode [null].
07:51:49.093 [Test worker] DEBUG org.springframework.test.context.cache.DefaultCacheAwareContextLoaderDelegate - Retrieved ApplicationContext from cache with key [[MergedContextConfiguration@14aaafea testClass = TestSpecification, locations = '{}', classes = '{class com.sg.core.Sandbox}', contextInitializerClasses = '[]', activeProfiles = '{}', propertySourceLocations = '{}', propertySourceProperties = '{}', contextCustomizers = set[org.spockframework.spring.mock.SpockContextCustomizer@0], contextLoader = 'org.springframework.test.context.support.DelegatingSmartContextLoader', parent = [null]]]
07:51:49.093 [Test worker] DEBUG org.springframework.test.context.cache - Spring test ApplicationContext cache statistics: [DefaultContextCache@3327335e size = 1, maxSize = 32, parentContextCount = 0, hitCount = 35, missCount = 1]
07:51:49.093 [Test worker] DEBUG org.springframework.test.context.support.AbstractDirtiesContextTestExecutionListener - After test method: context [DefaultTestContext@4dc95c5b testClass = TestSpecification, testInstance = com.sg.TestSpecification@76017835, testMethod = $spock_feature_0_0@TestSpecification, testException = [null], mergedContextConfiguration = [MergedContextConfiguration@14aaafea testClass = TestSpecification, locations = '{}', classes = '{class com.sg.core.Sandbox}', contextInitializerClasses = '[]', activeProfiles = '{}', propertySourceLocations = '{}', propertySourceProperties = '{}', contextCustomizers = set[org.spockframework.spring.mock.SpockContextCustomizer@0], contextLoader = 'org.springframework.test.context.support.DelegatingSmartContextLoader', parent = [null]], attributes = map['org.spockframework.spring.SpringMockTestExecutionListener.MOCKED_BEANS_LIST' -> list[[empty]]]], class annotated with @DirtiesContext [false] with mode [null], method annotated with @DirtiesContext [false] with mode [null].
07:51:49.095 [Test worker] DEBUG org.springframework.test.context.support.DependencyInjectionTestExecutionListener - Performing dependency injection for test context [[DefaultTestContext@4dc95c5b testClass = TestSpecification, testInstance = com.sg.TestSpecification@12275dc3, testMethod = [null], testException = [null], mergedContextConfiguration = [MergedContextConfiguration@14aaafea testClass = TestSpecification, locations = '{}', classes = '{class com.sg.core.Sandbox}', contextInitializerClasses = '[]', activeProfiles = '{}', propertySourceLocations = '{}', propertySourceProperties = '{}', contextCustomizers = set[org.spockframework.spring.mock.SpockContextCustomizer@0], contextLoader = 'org.springframework.test.context.support.DelegatingSmartContextLoader', parent = [null]], attributes = map['org.spockframework.spring.SpringMockTestExecutionListener.MOCKED_BEANS_LIST' -> list[[empty]]]]].
07:51:49.095 [Test worker] DEBUG org.springframework.test.context.cache.DefaultCacheAwareContextLoaderDelegate - Retrieved ApplicationContext from cache with key [[MergedContextConfiguration@14aaafea testClass = TestSpecification, locations = '{}', classes = '{class com.sg.core.Sandbox}', contextInitializerClasses = '[]', activeProfiles = '{}', propertySourceLocations = '{}', propertySourceProperties = '{}', contextCustomizers = set[org.spockframework.spring.mock.SpockContextCustomizer@0], contextLoader = 'org.springframework.test.context.support.DelegatingSmartContextLoader', parent = [null]]]
07:51:49.095 [Test worker] DEBUG org.springframework.test.context.cache - Spring test ApplicationContext cache statistics: [DefaultContextCache@3327335e size = 1, maxSize = 32, parentContextCount = 0, hitCount = 36, missCount = 1]
07:51:49.096 [Test worker] DEBUG org.springframework.test.context.cache.DefaultCacheAwareContextLoaderDelegate - Retrieved ApplicationContext from cache with key [[MergedContextConfiguration@14aaafea testClass = TestSpecification, locations = '{}', classes = '{class com.sg.core.Sandbox}', contextInitializerClasses = '[]', activeProfiles = '{}', propertySourceLocations = '{}', propertySourceProperties = '{}', contextCustomizers = set[org.spockframework.spring.mock.SpockContextCustomizer@0], contextLoader = 'org.springframework.test.context.support.DelegatingSmartContextLoader', parent = [null]]]
07:51:49.096 [Test worker] DEBUG org.springframework.test.context.cache - Spring test ApplicationContext cache statistics: [DefaultContextCache@3327335e size = 1, maxSize = 32, parentContextCount = 0, hitCount = 37, missCount = 1]
[...]
07:51:49.105 [Test worker] DEBUG org.springframework.test.context.cache.DefaultCacheAwareContextLoaderDelegate - Retrieved ApplicationContext from cache with key [[MergedContextConfiguration@14aaafea testClass = TestSpecification, locations = '{}', classes = '{class com.sg.core.Sandbox}', contextInitializerClasses = '[]', activeProfiles = '{}', propertySourceLocations = '{}', propertySourceProperties = '{}', contextCustomizers = set[org.spockframework.spring.mock.SpockContextCustomizer@0], contextLoader = 'org.springframework.test.context.support.DelegatingSmartContextLoader', parent = [null]]]
07:51:49.105 [Test worker] DEBUG org.springframework.test.context.cache - Spring test ApplicationContext cache statistics: [DefaultContextCache@3327335e size = 1, maxSize = 32, parentContextCount = 0, hitCount = 44, missCount = 1]
07:51:49.105 [Test worker] DEBUG org.springframework.test.context.support.AbstractDirtiesContextTestExecutionListener - After test method: context [DefaultTestContext@4dc95c5b testClass = TestSpecification, testInstance = com.sg.TestSpecification@241c8d15, testMethod = $spock_feature_0_1@TestSpecification, testException = [null], mergedContextConfiguration = [MergedContextConfiguration@14aaafea testClass = TestSpecification, locations = '{}', classes = '{class com.sg.core.Sandbox}', contextInitializerClasses = '[]', activeProfiles = '{}', propertySourceLocations = '{}', propertySourceProperties = '{}', contextCustomizers = set[org.spockframework.spring.mock.SpockContextCustomizer@0], contextLoader = 'org.springframework.test.context.support.DelegatingSmartContextLoader', parent = [null]], attributes = map['org.spockframework.spring.SpringMockTestExecutionListener.MOCKED_BEANS_LIST' -> list[[empty]]]], class annotated with @DirtiesContext [false] with mode [null], method annotated with @DirtiesContext [false] with mode [null].
07:51:49.106 [Test worker] DEBUG org.springframework.test.context.support.DependencyInjectionTestExecutionListener - Performing dependency injection for test context [[DefaultTestContext@4dc95c5b testClass = TestSpecification, testInstance = com.sg.TestSpecification@c7d0510, testMethod = [null], testException = [null], mergedContextConfiguration = [MergedContextConfiguration@14aaafea testClass = TestSpecification, locations = '{}', classes = '{class com.sg.core.Sandbox}', contextInitializerClasses = '[]', activeProfiles = '{}', propertySourceLocations = '{}', propertySourceProperties = '{}', contextCustomizers = set[org.spockframework.spring.mock.SpockContextCustomizer@0], contextLoader = 'org.springframework.test.context.support.DelegatingSmartContextLoader', parent = [null]], attributes = map['org.spockframework.spring.SpringMockTestExecutionListener.MOCKED_BEANS_LIST' -> list[[empty]]]]].
07:51:49.106 [Test worker] DEBUG org.springframework.test.context.cache.DefaultCacheAwareContextLoaderDelegate - Retrieved ApplicationContext from cache with key [[MergedContextConfiguration@14aaafea testClass = TestSpecification, locations = '{}', classes = '{class com.sg.core.Sandbox}', contextInitializerClasses = '[]', activeProfiles = '{}', propertySourceLocations = '{}', propertySourceProperties = '{}', contextCustomizers = set[org.spockframework.spring.mock.SpockContextCustomizer@0], contextLoader = 'org.springframework.test.context.support.DelegatingSmartContextLoader', parent = [null]]]
07:51:49.106 [Test worker] DEBUG org.springframework.test.context.cache - Spring test ApplicationContext cache statistics: [DefaultContextCache@3327335e size = 1, maxSize = 32, parentContextCount = 0, hitCount = 45, missCount = 1]
07:51:49.107 [Test worker] DEBUG org.springframework.test.context.cache.DefaultCacheAwareContextLoaderDelegate - Retrieved ApplicationContext from cache with key [[MergedContextConfiguration@14aaafea testClass = TestSpecification, locations = '{}', classes = '{class com.sg.core.Sandbox}', contextInitializerClasses = '[]', activeProfiles = '{}', propertySourceLocations = '{}', propertySourceProperties = '{}', contextCustomizers = set[org.spockframework.spring.mock.SpockContextCustomizer@0], contextLoader = 'org.springframework.test.context.support.DelegatingSmartContextLoader', parent = [null]]]
07:51:49.107 [Test worker] DEBUG org.springframework.test.context.cache - Spring test ApplicationContext cache statistics: [DefaultContextCache@3327335e size = 1, maxSize = 32, parentContextCount = 0, hitCount = 46, missCount = 1]
07:51:49.108 [Test worker] DEBUG org.springframework.test.context.support.AbstractDirtiesContextTestExecutionListener - Before test method: context [DefaultTestContext@4dc95c5b testClass = TestSpecification, testInstance = com.sg.TestSpecification@c7d0510, testMethod = $spock_feature_0_1@TestSpecification, testException = [null], mergedContextConfiguration = [MergedContextConfiguration@14aaafea testClass = TestSpecification, locations = '{}', classes = '{class com.sg.core.Sandbox}', contextInitializerClasses = '[]', activeProfiles = '{}', propertySourceLocations = '{}', propertySourceProperties = '{}', contextCustomizers = set[org.spockframework.spring.mock.SpockContextCustomizer@0], contextLoader = 'org.springframework.test.context.support.DelegatingSmartContextLoader', parent = [null]], attributes = map['org.spockframework.spring.SpringMockTestExecutionListener.MOCKED_BEANS_LIST' -> list[[empty]]]], class annotated with @DirtiesContext [false] with mode [null], method annotated with @DirtiesContext [false] with mode [null].
07:51:49.108 [Test worker] DEBUG org.springframework.test.context.cache.DefaultCacheAwareContextLoaderDelegate - Retrieved ApplicationContext from cache with key [[MergedContextConfiguration@14aaafea testClass = TestSpecification, locations = '{}', classes = '{class com.sg.core.Sandbox}', contextInitializerClasses = '[]', activeProfiles = '{}', propertySourceLocations = '{}', propertySourceProperties = '{}', contextCustomizers = set[org.spockframework.spring.mock.SpockContextCustomizer@0], contextLoader = 'org.springframework.test.context.support.DelegatingSmartContextLoader', parent = [null]]]
07:51:49.108 [Test worker] DEBUG org.springframework.test.context.cache - Spring test ApplicationContext cache statistics: [DefaultContextCache@3327335e size = 1, maxSize = 32, parentContextCount = 0, hitCount = 47, missCount = 1]
07:51:49.109 [Test worker] DEBUG org.springframework.test.context.support.AbstractDirtiesContextTestExecutionListener - After test method: context [DefaultTestContext@4dc95c5b testClass = TestSpecification, testInstance = com.sg.TestSpecification@c7d0510, testMethod = $spock_feature_0_1@TestSpecification, testException = [null], mergedContextConfiguration = [MergedContextConfiguration@14aaafea testClass = TestSpecification, locations = '{}', classes = '{class com.sg.core.Sandbox}', contextInitializerClasses = '[]', activeProfiles = '{}', propertySourceLocations = '{}', propertySourceProperties = '{}', contextCustomizers = set[org.spockframework.spring.mock.SpockContextCustomizer@0], contextLoader = 'org.springframework.test.context.support.DelegatingSmartContextLoader', parent = [null]], attributes = map['org.spockframework.spring.SpringMockTestExecutionListener.MOCKED_BEANS_LIST' -> list[[empty]]]], class annotated with @DirtiesContext [false] with mode [null], method annotated with @DirtiesContext [false] with mode [null].
07:51:49.110 [Test worker] DEBUG org.springframework.test.context.support.DependencyInjectionTestExecutionListener - Performing dependency injection for test context [[DefaultTestContext@4dc95c5b testClass = TestSpecification, testInstance = com.sg.TestSpecification@5a03a71c, testMethod = [null], testException = [null], mergedContextConfiguration = [MergedContextConfiguration@14aaafea testClass = TestSpecification, locations = '{}', classes = '{class com.sg.core.Sandbox}', contextInitializerClasses = '[]', activeProfiles = '{}', propertySourceLocations = '{}', propertySourceProperties = '{}', contextCustomizers = set[org.spockframework.spring.mock.SpockContextCustomizer@0], contextLoader = 'org.springframework.test.context.support.DelegatingSmartContextLoader', parent = [null]], attributes = map['org.spockframework.spring.SpringMockTestExecutionListener.MOCKED_BEANS_LIST' -> list[[empty]]]]].
07:51:49.110 [Test worker] DEBUG org.springframework.test.context.cache.DefaultCacheAwareContextLoaderDelegate - Retrieved ApplicationContext from cache with key [[MergedContextConfiguration@14aaafea testClass = TestSpecification, locations = '{}', classes = '{class com.sg.core.Sandbox}', contextInitializerClasses = '[]', activeProfiles = '{}', propertySourceLocations = '{}', propertySourceProperties = '{}', contextCustomizers = set[org.spockframework.spring.mock.SpockContextCustomizer@0], contextLoader = 'org.springframework.test.context.support.DelegatingSmartContextLoader', parent = [null]]]
07:51:49.111 [Test worker] DEBUG org.springframework.test.context.cache - Spring test ApplicationContext cache statistics: [DefaultContextCache@3327335e size = 1, maxSize = 32, parentContextCount = 0, hitCount = 48, missCount = 1]
07:51:49.111 [Test worker] DEBUG org.springframework.test.context.cache.DefaultCacheAwareContextLoaderDelegate - Retrieved ApplicationContext from cache with key [[MergedContextConfiguration@14aaafea testClass = TestSpecification, locations = '{}', classes = '{class com.sg.core.Sandbox}', contextInitializerClasses = '[]', activeProfiles = '{}', propertySourceLocations = '{}', propertySourceProperties = '{}', contextCustomizers = set[org.spockframework.spring.mock.SpockContextCustomizer@0], contextLoader = 'org.springframework.test.context.support.DelegatingSmartContextLoader', parent = [null]]]
07:51:49.111 [Test worker] DEBUG org.springframework.test.context.cache - Spring test ApplicationContext cache statistics: [DefaultContextCache@3327335e size = 1, maxSize = 32, parentContextCount = 0, hitCount = 49, missCount = 1]
07:51:49.112 [Test worker] DEBUG org.springframework.test.context.support.AbstractDirtiesContextTestExecutionListener - Before test method: context [DefaultTestContext@4dc95c5b testClass = TestSpecification, testInstance = com.sg.TestSpecification@5a03a71c, testMethod = $spock_feature_0_1@TestSpecification, testException = [null], mergedContextConfiguration = [MergedContextConfiguration@14aaafea testClass = TestSpecification, locations = '{}', classes = '{class com.sg.core.Sandbox}', contextInitializerClasses = '[]', activeProfiles = '{}', propertySourceLocations = '{}', propertySourceProperties = '{}', contextCustomizers = set[org.spockframework.spring.mock.SpockContextCustomizer@0], contextLoader = 'org.springframework.test.context.support.DelegatingSmartContextLoader', parent = [null]], attributes = map['org.spockframework.spring.SpringMockTestExecutionListener.MOCKED_BEANS_LIST' -> list[[empty]]]], class annotated with @DirtiesContext [false] with mode [null], method annotated with @DirtiesContext [false] with mode [null].
07:51:49.112 [Test worker] DEBUG org.springframework.test.context.cache.DefaultCacheAwareContextLoaderDelegate - Retrieved ApplicationContext from cache with key [[MergedContextConfiguration@14aaafea testClass = TestSpecification, locations = '{}', classes = '{class com.sg.core.Sandbox}', contextInitializerClasses = '[]', activeProfiles = '{}', propertySourceLocations = '{}', propertySourceProperties = '{}', contextCustomizers = set[org.spockframework.spring.mock.SpockContextCustomizer@0], contextLoader = 'org.springframework.test.context.support.DelegatingSmartContextLoader', parent = [null]]]
07:51:49.112 [Test worker] DEBUG org.springframework.test.context.cache - Spring test ApplicationContext cache statistics: [DefaultContextCache@3327335e size = 1, maxSize = 32, parentContextCount = 0, hitCount = 50, missCount = 1]
07:51:49.113 [Test worker] DEBUG org.springframework.test.context.support.AbstractDirtiesContextTestExecutionListener - After test method: context [DefaultTestContext@4dc95c5b testClass = TestSpecification, testInstance = com.sg.TestSpecification@5a03a71c, testMethod = $spock_feature_0_1@TestSpecification, testException = [null], mergedContextConfiguration = [MergedContextConfiguration@14aaafea testClass = TestSpecification, locations = '{}', classes = '{class com.sg.core.Sandbox}', contextInitializerClasses = '[]', activeProfiles = '{}', propertySourceLocations = '{}', propertySourceProperties = '{}', contextCustomizers = set[org.spockframework.spring.mock.SpockContextCustomizer@0], contextLoader = 'org.springframework.test.context.support.DelegatingSmartContextLoader', parent = [null]], attributes = map['org.spockframework.spring.SpringMockTestExecutionListener.MOCKED_BEANS_LIST' -> list[[empty]]]], class annotated with @DirtiesContext [false] with mode [null], method annotated with @DirtiesContext [false] with mode [null].
07:51:49.114 [Test worker] DEBUG org.springframework.test.context.support.DependencyInjectionTestExecutionListener - Performing dependency injection for test context [[DefaultTestContext@4dc95c5b testClass = TestSpecification, testInstance = com.sg.TestSpecification@8c22ae6, testMethod = [null], testException = [null], mergedContextConfiguration = [MergedContextConfiguration@14aaafea testClass = TestSpecification, locations = '{}', classes = '{class com.sg.core.Sandbox}', contextInitializerClasses = '[]', activeProfiles = '{}', propertySourceLocations = '{}', propertySourceProperties = '{}', contextCustomizers = set[org.spockframework.spring.mock.SpockContextCustomizer@0], contextLoader = 'org.springframework.test.context.support.DelegatingSmartContextLoader', parent = [null]], attributes = map['org.spockframework.spring.SpringMockTestExecutionListener.MOCKED_BEANS_LIST' -> list[[empty]]]]].
07:51:49.114 [Test worker] DEBUG org.springframework.test.context.cache.DefaultCacheAwareContextLoaderDelegate - Retrieved ApplicationContext from cache with key [[MergedContextConfiguration@14aaafea testClass = TestSpecification, locations = '{}', classes = '{class com.sg.core.Sandbox}', contextInitializerClasses = '[]', activeProfiles = '{}', propertySourceLocations = '{}', propertySourceProperties = '{}', contextCustomizers = set[org.spockframework.spring.mock.SpockContextCustomizer@0], contextLoader = 'org.springframework.test.context.support.DelegatingSmartContextLoader', parent = [null]]]
07:51:49.114 [Test worker] DEBUG org.springframework.test.context.cache - Spring test ApplicationContext cache statistics: [DefaultContextCache@3327335e size = 1, maxSize = 32, parentContextCount = 0, hitCount = 51, missCount = 1]
07:51:49.115 [Test worker] DEBUG org.springframework.test.context.cache.DefaultCacheAwareContextLoaderDelegate - Retrieved ApplicationContext from cache with key [[MergedContextConfiguration@14aaafea testClass = TestSpecification, locations = '{}', classes = '{class com.sg.core.Sandbox}', contextInitializerClasses = '[]', activeProfiles = '{}', propertySourceLocations = '{}', propertySourceProperties = '{}', contextCustomizers = set[org.spockframework.spring.mock.SpockContextCustomizer@0], contextLoader = 'org.springframework.test.context.support.DelegatingSmartContextLoader', parent = [null]]]
07:51:49.115 [Test worker] DEBUG org.springframework.test.context.cache - Spring test ApplicationContext cache statistics: [DefaultContextCache@3327335e size = 1, maxSize = 32, parentContextCount = 0, hitCount = 52, missCount = 1]
07:51:49.116 [Test worker] DEBUG org.springframework.test.context.support.AbstractDirtiesContextTestExecutionListener - Before test method: context [DefaultTestContext@4dc95c5b testClass = TestSpecification, testInstance = com.sg.TestSpecification@8c22ae6, testMethod = $spock_feature_0_1@TestSpecification, testException = [null], mergedContextConfiguration = [MergedContextConfiguration@14aaafea testClass = TestSpecification, locations = '{}', classes = '{class com.sg.core.Sandbox}', contextInitializerClasses = '[]', activeProfiles = '{}', propertySourceLocations = '{}', propertySourceProperties = '{}', contextCustomizers = set[org.spockframework.spring.mock.SpockContextCustomizer@0], contextLoader = 'org.springframework.test.context.support.DelegatingSmartContextLoader', parent = [null]], attributes = map['org.spockframework.spring.SpringMockTestExecutionListener.MOCKED_BEANS_LIST' -> list[[empty]]]], class annotated with @DirtiesContext [false] with mode [null], method annotated with @DirtiesContext [false] with mode [null].
07:51:49.116 [Test worker] DEBUG org.springframework.test.context.cache.DefaultCacheAwareContextLoaderDelegate - Retrieved ApplicationContext from cache with key [[MergedContextConfiguration@14aaafea testClass = TestSpecification, locations = '{}', classes = '{class com.sg.core.Sandbox}', contextInitializerClasses = '[]', activeProfiles = '{}', propertySourceLocations = '{}', propertySourceProperties = '{}', contextCustomizers = set[org.spockframework.spring.mock.SpockContextCustomizer@0], contextLoader = 'org.springframework.test.context.support.DelegatingSmartContextLoader', parent = [null]]]
07:51:49.117 [Test worker] DEBUG org.springframework.test.context.cache - Spring test ApplicationContext cache statistics: [DefaultContextCache@3327335e size = 1, maxSize = 32, parentContextCount = 0, hitCount = 53, missCount = 1]
07:51:49.117 [Test worker] DEBUG org.springframework.test.context.support.AbstractDirtiesContextTestExecutionListener - After test method: context [DefaultTestContext@4dc95c5b testClass = TestSpecification, testInstance = com.sg.TestSpecification@8c22ae6, testMethod = $spock_feature_0_1@TestSpecification, testException = [null], mergedContextConfiguration = [MergedContextConfiguration@14aaafea testClass = TestSpecification, locations = '{}', classes = '{class com.sg.core.Sandbox}', contextInitializerClasses = '[]', activeProfiles = '{}', propertySourceLocations = '{}', propertySourceProperties = '{}', contextCustomizers = set[org.spockframework.spring.mock.SpockContextCustomizer@0], contextLoader = 'org.springframework.test.context.support.DelegatingSmartContextLoader', parent = [null]], attributes = map['org.spockframework.spring.SpringMockTestExecutionListener.MOCKED_BEANS_LIST' -> list[[empty]]]], class annotated with @DirtiesContext [false] with mode [null], method annotated with @DirtiesContext [false] with mode [null].
07:51:49.118 [Test worker] DEBUG org.springframework.test.context.support.AbstractDirtiesContextTestExecutionListener - After test class: context [DefaultTestContext@4dc95c5b testClass = TestSpecification, testInstance = [null], testMethod = [null], testException = [null], mergedContextConfiguration = [MergedContextConfiguration@14aaafea testClass = TestSpecification, locations = '{}', classes = '{class com.sg.core.Sandbox}', contextInitializerClasses = '[]', activeProfiles = '{}', propertySourceLocations = '{}', propertySourceProperties = '{}', contextCustomizers = set[org.spockframework.spring.mock.SpockContextCustomizer@0], contextLoader = 'org.springframework.test.context.support.DelegatingSmartContextLoader', parent = [null]], attributes = map['org.spockframework.spring.SpringMockTestExecutionListener.MOCKED_BEANS_LIST' -> list[[empty]]]], class annotated with @DirtiesContext [false] with mode [null].
]]></system-out>
  <system-err><![CDATA[]]></system-err>
</testsuite>
